
startmsg:
     [echo] Starting build of Frost
Date       : 20060404
Time       : 1520
JVM version: 1.5.0_06 of 'Sun Microsystems Inc.' in '/usr/lib/jvm/java-1.5.0-sun-1.5.0_06/jre'
Ant project: frost
Ant version: Apache Ant version 1.6.2 compiled on September 9 2005
Build OS   : Linux 2.6.13-15.8-default (i386)
Build user : saces
Build log  : build.log

build:
   [delete] Deleting directory /home/saces/projekt/jtcfrost/help/frost-wot/build/classes
   [delete] Deleting directory /home/saces/projekt/jtcfrost/help/frost-wot/build/classes_feclib
   [delete] Deleting directory /home/saces/projekt/jtcfrost/help/frost-wot/build/classes_genchklib
   [delete] Deleting directory /home/saces/projekt/jtcfrost/help/frost-wot/build/classes_skinlfFixLib
   [delete] Deleting directory /home/saces/projekt/jtcfrost/help/frost-wot/build/classes_datechooser
    [mkdir] Created dir: /home/saces/projekt/jtcfrost/help/frost-wot/build/classes
    [mkdir] Created dir: /home/saces/projekt/jtcfrost/help/frost-wot/build/classes_feclib
    [mkdir] Created dir: /home/saces/projekt/jtcfrost/help/frost-wot/build/classes_genchklib
    [mkdir] Created dir: /home/saces/projekt/jtcfrost/help/frost-wot/build/classes_skinlfFixLib
    [mkdir] Created dir: /home/saces/projekt/jtcfrost/help/frost-wot/build/classes_datechooser
    [javac] Compiling 25 source files to /home/saces/projekt/jtcfrost/help/frost-wot/build/classes_feclib
    [javac] Note: Some input files use unchecked or unsafe operations.
    [javac] Note: Recompile with -Xlint:unchecked for details.
     [copy] Copying 28 files to /home/saces/projekt/jtcfrost/help/frost-wot/build/classes_feclib
    [javac] Compiling 64 source files to /home/saces/projekt/jtcfrost/help/frost-wot/build/classes_genchklib
    [javac] Note: Some input files use unchecked or unsafe operations.
    [javac] Note: Recompile with -Xlint:unchecked for details.
    [javac] Compiling 79 source files to /home/saces/projekt/jtcfrost/help/frost-wot/build/classes_datechooser
    [javac] Note: Some input files use unchecked or unsafe operations.
    [javac] Note: Recompile with -Xlint:unchecked for details.
     [copy] Copying 5 files to /home/saces/projekt/jtcfrost/help/frost-wot/build/classes_datechooser
    [javac] Compiling 244 source files to /home/saces/projekt/jtcfrost/help/frost-wot/build/classes
    [javac] Note: Some input files use unchecked or unsafe operations.
    [javac] Note: Recompile with -Xlint:unchecked for details.
    [javac] Compiling 6 source files to /home/saces/projekt/jtcfrost/help/frost-wot/build/classes_skinlfFixLib
    [javac] Note: /home/saces/projekt/jtcfrost/help/frost-wot/lib/skinlfFix/com/l2fprod/gui/plaf/skin/SkinLookAndFeel.java uses unchecked or unsafe operations.
    [javac] Note: Recompile with -Xlint:unchecked for details.

jar:
   [delete] Deleting: /home/saces/projekt/jtcfrost/help/frost-wot/build/dist/frost.jar
     [copy] Copying 1 file to /home/saces/projekt/jtcfrost/help/frost-wot/build/dist
      [jar] Building jar: /home/saces/projekt/jtcfrost/help/frost-wot/build/dist/frost.jar
   [delete] Deleting: /home/saces/projekt/jtcfrost/help/frost-wot/build/dist/frost.manifest
   [delete] Deleting: /home/saces/projekt/jtcfrost/help/frost-wot/build/dist/lib/fecImpl.jar
      [jar] Building jar: /home/saces/projekt/jtcfrost/help/frost-wot/build/dist/lib/fecImpl.jar
   [delete] Deleting: /home/saces/projekt/jtcfrost/help/frost-wot/build/dist/lib/genChkImpl.jar
      [jar] Building jar: /home/saces/projekt/jtcfrost/help/frost-wot/build/dist/lib/genChkImpl.jar
   [delete] Deleting: /home/saces/projekt/jtcfrost/help/frost-wot/build/dist/lib/skinlfFix.jar
      [jar] Building jar: /home/saces/projekt/jtcfrost/help/frost-wot/build/dist/lib/skinlfFix.jar
   [delete] Deleting: /home/saces/projekt/jtcfrost/help/frost-wot/build/dist/lib/datechooser.jar
      [jar] Building jar: /home/saces/projekt/jtcfrost/help/frost-wot/build/dist/lib/datechooser.jar

distro:

helpzip:
   [delete] Deleting: /home/saces/projekt/jtcfrost/help/frost-wot/build/dist/help/help.zip
      [zip] Building zip: /home/saces/projekt/jtcfrost/help/frost-wot/build/dist/help/help.zip
     [echo] Finished build of Frost
			Date : 04-Apr-2006
			Time : 15:20:16

BUILD SUCCESSFUL
